Virtual User Script started at: 07-02-2024 14:49:26
Starting action vuser_init.
Web Turbo Replay of LoadRunner 2023.0.0 for Windows 10; build 506 (Mar 08 2023 13:11:40)  	[MsgId: MMSG-26983]
Run mode: HTML  	[MsgId: MMSG-26993]
Replay user agent: Mozilla/5.0 (Windows NT 10.0; Win64; x64) AppleWebKit/537.36 (KHTML, like Gecko) Chrome/121.0.0.0 Safari/537.36  	[MsgId: MMSG-26988]
Runtime Settings file: "D:\SDET Training\LoadRunnerScripts\ReqResScripts\\default.cfg"  	[MsgId: MMSG-27141]
Ending action vuser_init.
Running Vuser...
Starting iteration 1.
Maximum number of concurrent connections per server: 6  	[MsgId: MMSG-26989]
Starting action Action.
Action.c(4): web_set_sockets_option started  	[MsgId: MMSG-26355]
Action.c(4): web_set_sockets_option was successful  	[MsgId: MMSG-26392]
Action.c(6): web_url("reqres.in") started  	[MsgId: MMSG-26355]
Action.c(6): Warning -26603: Unsupported "Content-Encoding"  	[MsgId: MWAR-26603]
Action.c(6): web_url("reqres.in") highest severity level was "warning", 7136 body bytes, 788 header bytes  	[MsgId: MMSG-26388]
Action.c(15): web_concurrent_start started  	[MsgId: MMSG-26355]
Action.c(15): web_concurrent_start was successful  	[MsgId: MMSG-26392]
Action.c(17): web_url("app.css") started  	[MsgId: MMSG-26355]
Action.c(17): Registering web_url("app.css") was successful  	[MsgId: MMSG-26390]
Action.c(25): web_url("logo.png") started  	[MsgId: MMSG-26355]
Action.c(25): Registering web_url("logo.png") was successful  	[MsgId: MMSG-26390]
Action.c(33): web_url("monetization.custom.js") started  	[MsgId: MMSG-26355]
Action.c(33): Registering web_url("monetization.custom.js") was successful  	[MsgId: MMSG-26390]
Action.c(41): web_url("DigiCertSHA2ExtendedValidationServerCA.crt") started  	[MsgId: MMSG-26355]
Action.c(41): Registering web_url("DigiCertSHA2ExtendedValidationServerCA.crt") was successful  	[MsgId: MMSG-26390]
Action.c(49): web_url("v3") started  	[MsgId: MMSG-26355]
Action.c(49): Registering web_url("v3") was successful  	[MsgId: MMSG-26390]
Action.c(57): web_url("swagger-logo-horizontal.jpeg") started  	[MsgId: MMSG-26355]
Action.c(57): Registering web_url("swagger-logo-horizontal.jpeg") was successful  	[MsgId: MMSG-26390]
Action.c(65): web_url("classic-10_7.css") started  	[MsgId: MMSG-26355]
Action.c(65): Registering web_url("classic-10_7.css") was successful  	[MsgId: MMSG-26390]
Action.c(73): web_url("email-decode.min.js") started  	[MsgId: MMSG-26355]
Action.c(73): Registering web_url("email-decode.min.js") was successful  	[MsgId: MMSG-26390]
Action.c(81): web_url("app.js") started  	[MsgId: MMSG-26355]
Action.c(81): Registering web_url("app.js") was successful  	[MsgId: MMSG-26390]
Action.c(89): web_url("carbon.js") started  	[MsgId: MMSG-26355]
Action.c(89): Registering web_url("carbon.js") was successful  	[MsgId: MMSG-26390]
Action.c(97): web_concurrent_end started  	[MsgId: MMSG-26355]
Action.c(49): Warning -26603: Unsupported "Content-Encoding"   [issued at Action.c(97)]  	[MsgId: MWAR-26603]
Action.c(81): Warning -26603: Unsupported "Content-Encoding"   [issued at Action.c(97)]  	[MsgId: MWAR-26603]
Action.c(17): Warning -26603: Unsupported "Content-Encoding"   [issued at Action.c(97)]  	[MsgId: MWAR-26603]
Action.c(89): Warning -26603: Unsupported "Content-Encoding"   [issued at Action.c(97)]  	[MsgId: MWAR-26603]
Action.c(97): web_concurrent_end highest severity level was "warning", 233545 body bytes, 6975 header bytes  	[MsgId: MMSG-26388]
Action.c(99): web_custom_request("users") started  	[MsgId: MMSG-26355]
Action.c(99): Warning -26603: Unsupported "Content-Encoding"  	[MsgId: MWAR-26603]
Action.c(99): web_custom_request("users") highest severity level was "warning", 366 body bytes, 893 header bytes  	[MsgId: MMSG-26388]
Action.c(110): web_concurrent_start started  	[MsgId: MMSG-26355]
Action.c(110): web_concurrent_start was successful  	[MsgId: MMSG-26392]
Action.c(112): web_url("gtm.js") started  	[MsgId: MMSG-26355]
Action.c(112): Registering web_url("gtm.js") was successful  	[MsgId: MMSG-26390]
Action.c(120): web_url("js") started  	[MsgId: MMSG-26355]
Action.c(120): Registering web_url("js") was successful  	[MsgId: MMSG-26390]
Action.c(128): web_concurrent_end started  	[MsgId: MMSG-26355]
Action.c(112): Warning -26603: Unsupported "Content-Encoding"   [issued at Action.c(128)]  	[MsgId: MWAR-26603]
Action.c(120): Warning -26603: Unsupported "Content-Encoding"   [issued at Action.c(128)]  	[MsgId: MWAR-26603]
Action.c(128): web_concurrent_end highest severity level was "warning", 125202 body bytes, 1282 header bytes  	[MsgId: MMSG-26388]
Action.c(130): web_set_sockets_option started  	[MsgId: MMSG-26355]
Action.c(130): web_set_sockets_option was successful  	[MsgId: MMSG-26392]
Action.c(132): web_set_sockets_option started  	[MsgId: MMSG-26355]
Action.c(132): web_set_sockets_option was successful  	[MsgId: MMSG-26392]
Action.c(136): web_url("m-outer-3437aaddcdf6922d623e172c2d6f9278.html") started  	[MsgId: MMSG-26355]
Action.c(136): Found resource "https://js.stripe.com/v3/fingerprinted/js/m-outer-15a2b40a058ddff1cffdb63779fe3de1.js" in HTML "https://js.stripe.com/v3/m-outer-3437aaddcdf6922d623e172c2d6f9278.html"  	[MsgId: MMSG-26659]
Action.c(136): web_url("m-outer-3437aaddcdf6922d623e172c2d6f9278.html") was successful, 726 body bytes, 2066 header bytes  	[MsgId: MMSG-26386]
Action.c(145): web_concurrent_start started  	[MsgId: MMSG-26355]
Action.c(145): web_concurrent_start was successful  	[MsgId: MMSG-26392]
Action.c(147): web_url("analytics.js") started  	[MsgId: MMSG-26355]
Action.c(147): Registering web_url("analytics.js") was successful  	[MsgId: MMSG-26390]
Action.c(155): web_url("m-outer-15a2b40a058ddff1cffdb63779fe3de1.js") started  	[MsgId: MMSG-26355]
Action.c(155): Resource "https://js.stripe.com/v3/fingerprinted/js/m-outer-15a2b40a058ddff1cffdb63779fe3de1.js" is in the cache already and will not be downloaded again  	[MsgId: MMSG-26655]
Action.c(163): web_url("ChVDaHJvbWUvMTIxLjAuNjE2Ny4xNDASGQnMIvvTQPBsKxIFDR7T91Ehl7BwzbjlnNsSIAmgY6Hpmu8n4hIFDSbzfSsSBQ1uyQ-wIbv56xk1YSbg") started  	[MsgId: MMSG-26355]
Action.c(163): Registering web_url("ChVDaHJvbWUvMTIxLjAuNjE2Ny4xNDASGQnMIvvTQPBsKxIFDR7T91Ehl7BwzbjlnNsSIAmgY6Hpmu8n4hIFDSbzfSsSBQ1uyQ-wIbv56xk1YSbg") was successful  	[MsgId: MMSG-26390]
Action.c(171): web_concurrent_end started  	[MsgId: MMSG-26355]
Action.c(163): Warning -26630: HTTP Status-Code=400 (Bad Request) for "https://content-autofill.googleapis.com/v1/pages/ChVDaHJvbWUvMTIxLjAuNjE2Ny4xNDASGQnMIvvTQPBsKxIFDR7T91Ehl7BwzbjlnNsSIAmgY6Hpmu8n4hIFDSbzfSsSBQ1uyQ-wIbv56xk1YSbg?alt=proto"   [issued at Action.c(171)]  	[MsgId: MWAR-26630]
Action.c(171): web_concurrent_end highest severity level was "warning", 21088 body bytes, 894 header bytes  	[MsgId: MMSG-26388]
Action.c(175): web_custom_request("CE7D6K3E.json") started  	[MsgId: MMSG-26355]
Action.c(175): web_custom_request("CE7D6K3E.json") was successful, 23 body bytes, 228 header bytes  	[MsgId: MMSG-26386]
Action.c(183): web_concurrent_start started  	[MsgId: MMSG-26355]
Action.c(183): web_concurrent_start was successful  	[MsgId: MMSG-26392]
Action.c(185): web_url("js_2") started  	[MsgId: MMSG-26355]
Action.c(185): Registering web_url("js_2") was successful  	[MsgId: MMSG-26390]
Action.c(193): web_url("js_3") started  	[MsgId: MMSG-26355]
Action.c(193): Registering web_url("js_3") was successful  	[MsgId: MMSG-26390]
Action.c(201): web_concurrent_end started  	[MsgId: MMSG-26355]
Action.c(185): Warning -26603: Unsupported "Content-Encoding"   [issued at Action.c(201)]  	[MsgId: MWAR-26603]
Action.c(193): Warning -26603: Unsupported "Content-Encoding"   [issued at Action.c(201)]  	[MsgId: MWAR-26603]
Action.c(201): web_concurrent_end highest severity level was "warning", 153699 body bytes, 1236 header bytes  	[MsgId: MMSG-26388]
Action.c(203): web_url("CE7D6K3E.json_2") started  	[MsgId: MMSG-26355]
Action.c(203): web_url("CE7D6K3E.json_2") was successful, 497 body bytes, 276 header bytes  	[MsgId: MMSG-26386]
Action.c(212): web_url("inner.html") started  	[MsgId: MMSG-26355]
Action.c(212): Warning -26603: Unsupported "Content-Encoding"  	[MsgId: MWAR-26603]
Action.c(212): web_url("inner.html") highest severity level was "warning", 540 body bytes, 1054 header bytes  	[MsgId: MMSG-26388]
Action.c(221): web_custom_request("collect") started  	[MsgId: MMSG-26355]
Action.c(221): web_custom_request("collect") was successful, 15 body bytes, 450 header bytes  	[MsgId: MMSG-26386]
Action.c(232): web_url("out-4.5.43.js") started  	[MsgId: MMSG-26355]
Action.c(232): Warning -26603: Unsupported "Content-Encoding"  	[MsgId: MWAR-26603]
Action.c(232): web_url("out-4.5.43.js") highest severity level was "warning", 15509 body bytes, 551 header bytes  	[MsgId: MMSG-26388]
Action.c(240): web_custom_request("CK7DT53I.json") started  	[MsgId: MMSG-26355]
Action.c(240): web_custom_request("CK7DT53I.json") was successful, 23 body bytes, 228 header bytes  	[MsgId: MMSG-26386]
Action.c(248): web_url("CK7DT53I.json_2") started  	[MsgId: MMSG-26355]
Action.c(248): web_url("CK7DT53I.json_2") was successful, 704 body bytes, 276 header bytes  	[MsgId: MMSG-26386]
Action.c(257): web_custom_request("collect_2") started  	[MsgId: MMSG-26355]
Action.c(257): web_custom_request("collect_2") was successful, 1 body bytes, 449 header bytes  	[MsgId: MMSG-26386]
Action.c(270): web_custom_request("collect_3") started  	[MsgId: MMSG-26355]
Action.c(270): web_custom_request("collect_3") was successful, 0 body bytes, 351 header bytes  	[MsgId: MMSG-26386]
Action.c(282): web_set_sockets_option started  	[MsgId: MMSG-26355]
Action.c(282): web_set_sockets_option was successful  	[MsgId: MMSG-26392]
Action.c(284): web_url("cfae0bcc9eeb2652dd375b40461352efdb6057ba") started  	[MsgId: MMSG-26355]
Action.c(284): web_url("cfae0bcc9eeb2652dd375b40461352efdb6057ba") was successful, 34236 body bytes, 267 header bytes  	[MsgId: MMSG-26386]
Action.c(292): web_custom_request("collect_4") started  	[MsgId: MMSG-26355]
Action.c(292): web_custom_request("collect_4") was successful, 0 body bytes, 351 header bytes  	[MsgId: MMSG-26386]
Action.c(304): web_set_sockets_option started  	[MsgId: MMSG-26355]
Action.c(304): web_set_sockets_option was successful  	[MsgId: MMSG-26392]
Action.c(306): web_custom_request("6") started  	[MsgId: MMSG-26355]
Action.c(306): web_custom_request("6") was successful, 156 body bytes, 722 header bytes  	[MsgId: MMSG-26386]
Action.c(327): web_custom_request("json") started  	[MsgId: MMSG-26355]
Action.c(327): web_custom_request("json") was successful, 850 body bytes, 1151 header bytes  	[MsgId: MMSG-26386]
Action.c(356): web_concurrent_start started  	[MsgId: MMSG-26355]
Action.c(356): web_concurrent_start was successful  	[MsgId: MMSG-26392]
Action.c(358): web_url("monolisa.css") started  	[MsgId: MMSG-26355]
Action.c(358): Registering web_url("monolisa.css") was successful  	[MsgId: MMSG-26390]
Action.c(366): web_url("inter.css") started  	[MsgId: MMSG-26355]
Action.c(366): Registering web_url("inter.css") was successful  	[MsgId: MMSG-26390]
Action.c(374): web_url("default~app~embed.163db316.chunk.css") started  	[MsgId: MMSG-26355]
Action.c(374): Registering web_url("default~app~embed.163db316.chunk.css") was successful  	[MsgId: MMSG-26390]
Action.c(382): web_url("common.75cfbf22.chunk.css") started  	[MsgId: MMSG-26355]
Action.c(382): Registering web_url("common.75cfbf22.chunk.css") was successful  	[MsgId: MMSG-26390]
Action.c(390): web_url("vendors~embed.f59a39d58.chunk.js") started  	[MsgId: MMSG-26355]
Action.c(390): Registering web_url("vendors~embed.f59a39d58.chunk.js") was successful  	[MsgId: MMSG-26390]
Action.c(398): web_url("default~app~embed~sandbox.37d24b22b.chunk.js") started  	[MsgId: MMSG-26355]
Action.c(398): Registering web_url("default~app~embed~sandbox.37d24b22b.chunk.js") was successful  	[MsgId: MMSG-26390]
Action.c(406): web_url("env-config.js") started  	[MsgId: MMSG-26355]
Action.c(406): Registering web_url("env-config.js") was successful  	[MsgId: MMSG-26390]
Action.c(414): web_url("Inter-Bold.woff2") started  	[MsgId: MMSG-26355]
Action.c(414): Registering web_url("Inter-Bold.woff2") was successful  	[MsgId: MMSG-26390]
Action.c(422): web_url("common.f414db27e.chunk.js") started  	[MsgId: MMSG-26355]
Action.c(422): Registering web_url("common.f414db27e.chunk.js") was successful  	[MsgId: MMSG-26390]
Action.c(430): web_url("Inter-Medium.woff2") started  	[MsgId: MMSG-26355]
Action.c(430): Registering web_url("Inter-Medium.woff2") was successful  	[MsgId: MMSG-26390]
Action.c(438): web_url("common-sandbox.09f563264.chunk.js") started  	[MsgId: MMSG-26355]
Action.c(438): Registering web_url("common-sandbox.09f563264.chunk.js") was successful  	[MsgId: MMSG-26390]
Action.c(446): web_url("loader.js") started  	[MsgId: MMSG-26355]
Action.c(446): Registering web_url("loader.js") was successful  	[MsgId: MMSG-26390]
Action.c(454): web_url("embed.2b652ef43.js") started  	[MsgId: MMSG-26355]
Action.c(454): Registering web_url("embed.2b652ef43.js") was successful  	[MsgId: MMSG-26390]
Action.c(462): web_url("browserfs.min.js") started  	[MsgId: MMSG-26355]
Action.c(462): Registering web_url("browserfs.min.js") was successful  	[MsgId: MMSG-26390]
Action.c(470): web_url("default~app~embed~sandbox~sandbox-startup.3b30c86d6.chunk.js") started  	[MsgId: MMSG-26355]
Action.c(470): Registering web_url("default~app~embed~sandbox~sandbox-startup.3b30c86d6.chunk.js") was successful  	[MsgId: MMSG-26390]
Action.c(478): web_url("vendors~app~embed~sandbox-startup.1c90fe343.chunk.js") started  	[MsgId: MMSG-26355]
Action.c(478): Registering web_url("vendors~app~embed~sandbox-startup.1c90fe343.chunk.js") was successful  	[MsgId: MMSG-26390]
Action.c(486): web_url("0.681043136.chunk.js") started  	[MsgId: MMSG-26355]
Action.c(486): Registering web_url("0.681043136.chunk.js") was successful  	[MsgId: MMSG-26390]
Action.c(494): web_url("Inter-Regular.woff2") started  	[MsgId: MMSG-26355]
Action.c(494): Registering web_url("Inter-Regular.woff2") was successful  	[MsgId: MMSG-26390]
Action.c(502): web_url("default~app~embed.4a2b7a948.chunk.js") started  	[MsgId: MMSG-26355]
Action.c(502): Registering web_url("default~app~embed.4a2b7a948.chunk.js") was successful  	[MsgId: MMSG-26390]
Action.c(510): web_url("vendors~app~monaco-editor.837bd921f.chunk.js") started  	[MsgId: MMSG-26355]
Action.c(510): Registering web_url("vendors~app~monaco-editor.837bd921f.chunk.js") was successful  	[MsgId: MMSG-26390]
Action.c(518): web_url("vendors~app~codemirror-editor~monaco-editor.cdc4609fc.chunk.js") started  	[MsgId: MMSG-26355]
Action.c(518): Registering web_url("vendors~app~codemirror-editor~monaco-editor.cdc4609fc.chunk.js") was successful  	[MsgId: MMSG-26390]
Action.c(526): web_url("vendors~app~codemirror-editor~monaco-editor~sandbox.a0a9d9986.chunk.js") started  	[MsgId: MMSG-26355]
Action.c(526): Registering web_url("vendors~app~codemirror-editor~monaco-editor~sandbox.a0a9d9986.chunk.js") was successful  	[MsgId: MMSG-26390]
Action.c(534): web_url("default~app~monaco-editor.089e4d318.chunk.js") started  	[MsgId: MMSG-26355]
Action.c(534): Registering web_url("default~app~monaco-editor.089e4d318.chunk.js") was successful  	[MsgId: MMSG-26390]
Action.c(542): web_url("vendors~monaco-editor.e78610c2c.chunk.js") started  	[MsgId: MMSG-26355]
Action.c(542): Registering web_url("vendors~monaco-editor.e78610c2c.chunk.js") was successful  	[MsgId: MMSG-26390]
Action.c(550): web_url("monaco-editor.c25ffa9bd.chunk.js") started  	[MsgId: MMSG-26355]
Action.c(550): Registering web_url("monaco-editor.c25ffa9bd.chunk.js") was successful  	[MsgId: MMSG-26390]
Action.c(558): web_url("Inter-SemiBold.woff2") started  	[MsgId: MMSG-26355]
Action.c(558): Registering web_url("Inter-SemiBold.woff2") was successful  	[MsgId: MMSG-26390]
Action.c(566): web_url("v84a3a4012de94ce1a686ba8c167c359c1696973893317") started  	[MsgId: MMSG-26355]
Action.c(566): Registering web_url("v84a3a4012de94ce1a686ba8c167c359c1696973893317") was successful  	[MsgId: MMSG-26390]
Action.c(574): web_url("868803") started  	[MsgId: MMSG-26355]
Action.c(574): Registering web_url("868803") was successful  	[MsgId: MMSG-26390]
Action.c(582): web_url("editor.main.js") started  	[MsgId: MMSG-26355]
Action.c(582): Registering web_url("editor.main.js") was successful  	[MsgId: MMSG-26390]
Action.c(590): web_url("typescript.svg") started  	[MsgId: MMSG-26355]
Action.c(590): Registering web_url("typescript.svg") was successful  	[MsgId: MMSG-26390]
Action.c(598): web_url("css.svg") started  	[MsgId: MMSG-26355]
Action.c(598): Registering web_url("css.svg") was successful  	[MsgId: MMSG-26390]
Action.c(606): web_url("version.txt") started  	[MsgId: MMSG-26355]
Action.c(606): Registering web_url("version.txt") was successful  	[MsgId: MMSG-26390]
Action.c(614): web_url("npm.svg") started  	[MsgId: MMSG-26355]
Action.c(614): Registering web_url("npm.svg") was successful  	[MsgId: MMSG-26390]
Action.c(622): web_url("browserfs.min.js_2") started  	[MsgId: MMSG-26355]
Action.c(622): Registering web_url("browserfs.min.js_2") was successful  	[MsgId: MMSG-26390]
Action.c(630): web_url("main.js") started  	[MsgId: MMSG-26355]
Action.c(630): Registering web_url("main.js") was successful  	[MsgId: MMSG-26390]
Action.c(638): web_url("vendors~app~embed~sandbox-startup.1c90fe343.chunk.js_2") started  	[MsgId: MMSG-26355]
Action.c(638): Registering web_url("vendors~app~embed~sandbox-startup.1c90fe343.chunk.js_2") was successful  	[MsgId: MMSG-26390]
Action.c(646): web_url("vendors~app~codemirror-editor~monaco-editor~sandbox.a0a9d9986.chunk.js_2") started  	[MsgId: MMSG-26355]
Action.c(646): Registering web_url("vendors~app~codemirror-editor~monaco-editor~sandbox.a0a9d9986.chunk.js_2") was successful  	[MsgId: MMSG-26390]
Action.c(654): web_url("default~app~embed~sandbox~sandbox-startup.3b30c86d6.chunk.js_2") started  	[MsgId: MMSG-26355]
Action.c(654): Registering web_url("default~app~embed~sandbox~sandbox-startup.3b30c86d6.chunk.js_2") was successful  	[MsgId: MMSG-26390]
Action.c(662): web_url("sandbox-startup.a1064fa6e.js") started  	[MsgId: MMSG-26355]
Action.c(662): Registering web_url("sandbox-startup.a1064fa6e.js") was successful  	[MsgId: MMSG-26390]
Action.c(670): web_url("vendors~app~sandbox.d07ab9245.chunk.js") started  	[MsgId: MMSG-26355]
Action.c(670): Registering web_url("vendors~app~sandbox.d07ab9245.chunk.js") was successful  	[MsgId: MMSG-26390]
Action.c(678): web_url("vendors~sandbox.e008a4edf.chunk.js") started  	[MsgId: MMSG-26355]
Action.c(678): Registering web_url("vendors~sandbox.e008a4edf.chunk.js") was successful  	[MsgId: MMSG-26390]
Action.c(686): web_url("common-sandbox.09f563264.chunk.js_2") started  	[MsgId: MMSG-26355]
Action.c(686): Registering web_url("common-sandbox.09f563264.chunk.js_2") was successful  	[MsgId: MMSG-26390]
Action.c(694): web_concurrent_end started  	[MsgId: MMSG-26355]
Action.c(406): Warning -26603: Unsupported "Content-Encoding"   [issued at Action.c(694)]  	[MsgId: MWAR-26603]
Action.c(374): Warning -26603: Unsupported "Content-Encoding"   [issued at Action.c(694)]  	[MsgId: MWAR-26603]
Action.c(614): Warning -26603: Unsupported "Content-Encoding"   [issued at Action.c(694)]  	[MsgId: MWAR-26603]
Action.c(598): Warning -26603: Unsupported "Content-Encoding"   [issued at Action.c(694)]  	[MsgId: MWAR-26603]
Action.c(590): Warning -26603: Unsupported "Content-Encoding"   [issued at Action.c(694)]  	[MsgId: MWAR-26603]
Action.c(382): Warning -26603: Unsupported "Content-Encoding"   [issued at Action.c(694)]  	[MsgId: MWAR-26603]
Action.c(398): Warning -26603: Unsupported "Content-Encoding"   [issued at Action.c(694)]  	[MsgId: MWAR-26603]
Action.c(390): Warning -26603: Unsupported "Content-Encoding"   [issued at Action.c(694)]  	[MsgId: MWAR-26603]
Action.c(446): Warning -26603: Unsupported "Content-Encoding"   [issued at Action.c(694)]  	[MsgId: MWAR-26603]
Action.c(454): Warning -26603: Unsupported "Content-Encoding"   [issued at Action.c(694)]  	[MsgId: MWAR-26603]
Action.c(478): Warning -26603: Unsupported "Content-Encoding"   [issued at Action.c(694)]  	[MsgId: MWAR-26603]
Action.c(470): Warning -26603: Unsupported "Content-Encoding"   [issued at Action.c(694)]  	[MsgId: MWAR-26603]
Action.c(510): Warning -26603: Unsupported "Content-Encoding"   [issued at Action.c(694)]  	[MsgId: MWAR-26603]
Action.c(486): Warning -26603: Unsupported "Content-Encoding"   [issued at Action.c(694)]  	[MsgId: MWAR-26603]
Action.c(438): Warning -26603: Unsupported "Content-Encoding"   [issued at Action.c(694)]  	[MsgId: MWAR-26603]
Action.c(462): Warning -26603: Unsupported "Content-Encoding"   [issued at Action.c(694)]  	[MsgId: MWAR-26603]
Action.c(542): Warning -26603: Unsupported "Content-Encoding"   [issued at Action.c(694)]  	[MsgId: MWAR-26603]
Action.c(534): Warning -26603: Unsupported "Content-Encoding"   [issued at Action.c(694)]  	[MsgId: MWAR-26603]
Action.c(518): Warning -26603: Unsupported "Content-Encoding"   [issued at Action.c(694)]  	[MsgId: MWAR-26603]
Action.c(526): Warning -26603: Unsupported "Content-Encoding"   [issued at Action.c(694)]  	[MsgId: MWAR-26603]
Action.c(422): Warning -26603: Unsupported "Content-Encoding"   [issued at Action.c(694)]  	[MsgId: MWAR-26603]
Action.c(550): Warning -26603: Unsupported "Content-Encoding"   [issued at Action.c(694)]  	[MsgId: MWAR-26603]
Action.c(502): Warning -26603: Unsupported "Content-Encoding"   [issued at Action.c(694)]  	[MsgId: MWAR-26603]
Action.c(630): Redirecting "https://codesandbox.io/cdn-cgi/challenge-platform/scripts/jsd/main.js" (redirection depth is 0)   [issued at Action.c(694)]  	[MsgId: MMSG-26694]
Action.c(630): To location "https://codesandbox.io/cdn-cgi/challenge-platform/h/g/scripts/jsd/ea25f566/main.js"   [issued at Action.c(694)]  	[MsgId: MMSG-26693]
Action.c(358): Warning -26603: Unsupported "Content-Encoding"   [issued at Action.c(694)]  	[MsgId: MWAR-26603]
Action.c(662): Warning -26603: Unsupported "Content-Encoding"   [issued at Action.c(694)]  	[MsgId: MWAR-26603]
Action.c(670): Warning -26603: Unsupported "Content-Encoding"   [issued at Action.c(694)]  	[MsgId: MWAR-26603]
Action.c(678): Warning -26603: Unsupported "Content-Encoding"   [issued at Action.c(694)]  	[MsgId: MWAR-26603]
Action.c(366): Warning -26603: Unsupported "Content-Encoding"   [issued at Action.c(694)]  	[MsgId: MWAR-26603]
Action.c(582): Warning -26603: Unsupported "Content-Encoding"   [issued at Action.c(694)]  	[MsgId: MWAR-26603]
Action.c(630): Warning -26603: Unsupported "Content-Encoding"   [issued at Action.c(694)]  	[MsgId: MWAR-26603]
Action.c(606): Warning -26603: Unsupported "Content-Encoding"   [issued at Action.c(694)]  	[MsgId: MWAR-26603]
Action.c(694): web_concurrent_end highest severity level was "warning", 2541771 body bytes, 20160 header bytes  	[MsgId: MMSG-26388]
Action.c(698): web_custom_request("85129092186f7efd") started  	[MsgId: MMSG-26355]
Action.c(698): Warning -26603: Unsupported "Content-Encoding"  	[MsgId: MWAR-26603]
Action.c(698): web_custom_request("85129092186f7efd") highest severity level was "warning", 1 body bytes, 483 header bytes  	[MsgId: MMSG-26388]
Action.c(747): web_concurrent_start started  	[MsgId: MMSG-26355]
Action.c(747): web_concurrent_start was successful  	[MsgId: MMSG-26392]
Action.c(749): web_url("sandbox.1077582dc.js") started  	[MsgId: MMSG-26355]
Action.c(749): Registering web_url("sandbox.1077582dc.js") was successful  	[MsgId: MMSG-26390]
Action.c(757): web_url("editor.main.css") started  	[MsgId: MMSG-26355]
Action.c(757): Registering web_url("editor.main.css") was successful  	[MsgId: MMSG-26390]
Action.c(765): web_url("default~app~embed~sandbox.37d24b22b.chunk.js_2") started  	[MsgId: MMSG-26355]
Action.c(765): Resource "https://codesandbox.io/static/js/default~app~embed~sandbox.37d24b22b.chunk.js" is in the cache already and will not be downloaded again  	[MsgId: MMSG-26655]
Action.c(773): web_url("preview-protocol.js") started  	[MsgId: MMSG-26355]
Action.c(773): Registering web_url("preview-protocol.js") was successful  	[MsgId: MMSG-26390]
Action.c(781): web_url("index.js") started  	[MsgId: MMSG-26355]
Action.c(781): Registering web_url("index.js") was successful  	[MsgId: MMSG-26390]
Action.c(789): web_url("babel.7.21.8.min.js") started  	[MsgId: MMSG-26355]
Action.c(789): Registering web_url("babel.7.21.8.min.js") was successful  	[MsgId: MMSG-26390]
Action.c(797): web_url("banner.d9cb10a38.js") started  	[MsgId: MMSG-26355]
Action.c(797): Registering web_url("banner.d9cb10a38.js") was successful  	[MsgId: MMSG-26390]
Action.c(805): web_url("htmlMode.js") started  	[MsgId: MMSG-26355]
Action.c(805): Registering web_url("htmlMode.js") was successful  	[MsgId: MMSG-26390]
Action.c(813): web_url("onigasm.wasm") started  	[MsgId: MMSG-26355]
Action.c(813): Registering web_url("onigasm.wasm") was successful  	[MsgId: MMSG-26390]
Action.c(821): web_url("html.js") started  	[MsgId: MMSG-26355]
Action.c(821): Registering web_url("html.js") was successful  	[MsgId: MMSG-26390]
Action.c(829): web_url("tsMode.js") started  	[MsgId: MMSG-26355]
Action.c(829): Registering web_url("tsMode.js") was successful  	[MsgId: MMSG-26390]
Action.c(837): web_url("typescript.js") started  	[MsgId: MMSG-26355]
Action.c(837): Registering web_url("typescript.js") was successful  	[MsgId: MMSG-26390]
Action.c(845): web_url("jsonMode.js") started  	[MsgId: MMSG-26355]
Action.c(845): Registering web_url("jsonMode.js") was successful  	[MsgId: MMSG-26390]
Action.c(853): web_concurrent_end started  	[MsgId: MMSG-26355]
Action.c(773): Warning -26603: Unsupported "Content-Encoding"   [issued at Action.c(853)]  	[MsgId: MWAR-26603]
Action.c(821): Warning -26603: Unsupported "Content-Encoding"   [issued at Action.c(853)]  	[MsgId: MWAR-26603]
Action.c(829): Warning -26603: Unsupported "Content-Encoding"   [issued at Action.c(853)]  	[MsgId: MWAR-26603]
Action.c(845): Warning -26603: Unsupported "Content-Encoding"   [issued at Action.c(853)]  	[MsgId: MWAR-26603]
Action.c(837): Warning -26603: Unsupported "Content-Encoding"   [issued at Action.c(853)]  	[MsgId: MWAR-26603]
Action.c(797): Warning -26603: Unsupported "Content-Encoding"   [issued at Action.c(853)]  	[MsgId: MWAR-26603]
Action.c(805): Warning -26603: Unsupported "Content-Encoding"   [issued at Action.c(853)]  	[MsgId: MWAR-26603]
Action.c(757): Warning -26603: Unsupported "Content-Encoding"   [issued at Action.c(853)]  	[MsgId: MWAR-26603]
Action.c(781): Warning -26603: Unsupported "Content-Encoding"   [issued at Action.c(853)]  	[MsgId: MWAR-26603]
Action.c(789): Warning -26603: Unsupported "Content-Encoding"   [issued at Action.c(853)]  	[MsgId: MWAR-26603]
Action.c(749): Warning -26603: Unsupported "Content-Encoding"   [issued at Action.c(853)]  	[MsgId: MWAR-26603]
Action.c(813): Warning -26603: Unsupported "Content-Encoding"   [issued at Action.c(853)]  	[MsgId: MWAR-26603]
Action.c(853): web_concurrent_end highest severity level was "warning", 1029164 body bytes, 5684 header bytes  	[MsgId: MMSG-26388]
Action.c(855): web_url("phishing") started  	[MsgId: MMSG-26355]
Action.c(855): web_url("phishing") was successful, 33 body bytes, 438 header bytes  	[MsgId: MMSG-26386]
Action.c(864): web_concurrent_start started  	[MsgId: MMSG-26355]
Action.c(864): web_concurrent_start was successful  	[MsgId: MMSG-26392]
Action.c(866): web_url("cssMode.js") started  	[MsgId: MMSG-26355]
Action.c(866): Registering web_url("cssMode.js") was successful  	[MsgId: MMSG-26390]
Action.c(874): web_url("workerMain.js") started  	[MsgId: MMSG-26355]
Action.c(874): Registering web_url("workerMain.js") was successful  	[MsgId: MMSG-26390]
Action.c(882): web_url("css.js") started  	[MsgId: MMSG-26355]
Action.c(882): Registering web_url("css.js") was successful  	[MsgId: MMSG-26390]
Action.c(890): web_concurrent_end started  	[MsgId: MMSG-26355]
Action.c(882): Warning -26603: Unsupported "Content-Encoding"   [issued at Action.c(890)]  	[MsgId: MWAR-26603]
Action.c(866): Warning -26603: Unsupported "Content-Encoding"   [issued at Action.c(890)]  	[MsgId: MWAR-26603]
Action.c(874): Warning -26603: Unsupported "Content-Encoding"   [issued at Action.c(890)]  	[MsgId: MWAR-26603]
Action.c(890): web_concurrent_end highest severity level was "warning", 49694 body bytes, 1480 header bytes  	[MsgId: MMSG-26388]
Action.c(892): web_url("runtime") started  	[MsgId: MMSG-26355]
Action.c(892): Warning -26603: Unsupported "Content-Encoding"  	[MsgId: MWAR-26603]
Action.c(892): web_url("runtime") highest severity level was "warning", 466 body bytes, 1169 header bytes  	[MsgId: MMSG-26388]
Action.c(901): web_url("core") started  	[MsgId: MMSG-26355]
Action.c(901): Warning -26603: Unsupported "Content-Encoding"  	[MsgId: MWAR-26603]
Action.c(901): web_url("core") highest severity level was "warning", 508 body bytes, 1166 header bytes  	[MsgId: MMSG-26388]
Action.c(910): web_concurrent_start started  	[MsgId: MMSG-26355]
Action.c(910): web_concurrent_start was successful  	[MsgId: MMSG-26392]
Action.c(912): web_url("jsonWorker.js") started  	[MsgId: MMSG-26355]
Action.c(912): Registering web_url("jsonWorker.js") was successful  	[MsgId: MMSG-26390]
Action.c(920): web_url("htmlWorker.js") started  	[MsgId: MMSG-26355]
Action.c(920): Registering web_url("htmlWorker.js") was successful  	[MsgId: MMSG-26390]
Action.c(928): web_url("tsWorker.js") started  	[MsgId: MMSG-26355]
Action.c(928): Registering web_url("tsWorker.js") was successful  	[MsgId: MMSG-26390]
Action.c(936): web_url("cssWorker.js") started  	[MsgId: MMSG-26355]
Action.c(936): Registering web_url("cssWorker.js") was successful  	[MsgId: MMSG-26390]
Action.c(944): web_concurrent_end started  	[MsgId: MMSG-26355]
Action.c(928): Warning -26603: Unsupported "Content-Encoding"   [issued at Action.c(944)]  	[MsgId: MWAR-26603]
Action.c(912): Warning -26603: Unsupported "Content-Encoding"   [issued at Action.c(944)]  	[MsgId: MWAR-26603]
Action.c(920): Warning -26603: Unsupported "Content-Encoding"   [issued at Action.c(944)]  	[MsgId: MWAR-26603]
Action.c(936): Warning -26603: Unsupported "Content-Encoding"   [issued at Action.c(944)]  	[MsgId: MWAR-26603]
Action.c(944): web_concurrent_end highest severity level was "warning", 887342 body bytes, 1977 header bytes  	[MsgId: MMSG-26388]
Action.c(946): web_url("flat") started  	[MsgId: MMSG-26355]
Action.c(946): Warning -26603: Unsupported "Content-Encoding"  	[MsgId: MWAR-26603]
Action.c(946): web_url("flat") highest severity level was "warning", 1021 body bytes, 1189 header bytes  	[MsgId: MMSG-26388]
Action.c(955): web_set_sockets_option started  	[MsgId: MMSG-26355]
Action.c(955): web_set_sockets_option was successful  	[MsgId: MMSG-26392]
Action.c(957): web_concurrent_start started  	[MsgId: MMSG-26355]
Action.c(957): web_concurrent_start was successful  	[MsgId: MMSG-26392]
Action.c(959): web_url("tsconfig.json") started  	[MsgId: MMSG-26355]
Action.c(959): Registering web_url("tsconfig.json") was successful  	[MsgId: MMSG-26390]
Action.c(967): web_url("package.json") started  	[MsgId: MMSG-26355]
Action.c(967): Registering web_url("package.json") was successful  	[MsgId: MMSG-26390]
Action.c(975): web_url("jsconfig.json") started  	[MsgId: MMSG-26355]
Action.c(975): Registering web_url("jsconfig.json") was successful  	[MsgId: MMSG-26390]
Action.c(983): web_url("prettierrc.json") started  	[MsgId: MMSG-26355]
Action.c(983): Registering web_url("prettierrc.json") was successful  	[MsgId: MMSG-26390]
Action.c(991): web_url("threatListUpdates:fetch") started  	[MsgId: MMSG-26355]
Action.c(991): Registering web_url("threatListUpdates:fetch") was successful  	[MsgId: MMSG-26390]
Action.c(1001): web_url("babel-transpiler.7a79b91c.worker.js") started  	[MsgId: MMSG-26355]
Action.c(1001): Registering web_url("babel-transpiler.7a79b91c.worker.js") was successful  	[MsgId: MMSG-26390]
Action.c(1009): web_concurrent_end started  	[MsgId: MMSG-26355]
Action.c(1009): ssl_handle_status encounter error : SSL_ERROR_SSL, error message : error:0A000410:SSL routines::sslv3 alert handshake failure  	[MsgId: MMSG-26000]
Action.c(1001): Warning -27774: SSL protocol error when attempting to connect with host "j17lt.csb.app"   [issued at Action.c(1009)]  	[MsgId: MWAR-27774]
Action.c(1001): Warning -27760: Request "https://j17lt.csb.app/babel-transpiler.7a79b91c.worker.js" failed   [issued at Action.c(1009)]  	[MsgId: MWAR-27760]
Action.c(1009): web_concurrent_end highest severity level was "warning", 124313 body bytes, 4003 header bytes  	[MsgId: MMSG-26388]
Action.c(1011): web_set_sockets_option started  	[MsgId: MMSG-26355]
Action.c(1011): web_set_sockets_option was successful  	[MsgId: MMSG-26392]
Action.c(1015): web_custom_request("rum") started  	[MsgId: MMSG-26355]
Action.c(1015): web_custom_request("rum") was successful, 0 body bytes, 354 header bytes  	[MsgId: MMSG-26386]
Action.c(1068): web_concurrent_start started  	[MsgId: MMSG-26355]
Action.c(1068): web_concurrent_start was successful  	[MsgId: MMSG-26392]
Action.c(1070): web_url("sandbox-service-worker.js") started  	[MsgId: MMSG-26355]
Action.c(1070): Registering web_url("sandbox-service-worker.js") was successful  	[MsgId: MMSG-26390]
Action.c(1078): web_url("babel-transpiler.7a79b91c.worker.js_2") started  	[MsgId: MMSG-26355]
Action.c(1078): Registering web_url("babel-transpiler.7a79b91c.worker.js_2") was successful  	[MsgId: MMSG-26390]
Action.c(1085): web_url("babel-transpiler.7a79b91c.worker.js_3") started  	[MsgId: MMSG-26355]
Action.c(1085): Registering web_url("babel-transpiler.7a79b91c.worker.js_3") was successful  	[MsgId: MMSG-26390]
Action.c(1092): web_url("babel-transpiler.7a79b91c.worker.js_4") started  	[MsgId: MMSG-26355]
Action.c(1092): Registering web_url("babel-transpiler.7a79b91c.worker.js_4") was successful  	[MsgId: MMSG-26390]
Action.c(1099): web_url("babel-transpiler.7a79b91c.worker.js_5") started  	[MsgId: MMSG-26355]
Action.c(1099): Registering web_url("babel-transpiler.7a79b91c.worker.js_5") was successful  	[MsgId: MMSG-26390]
Action.c(1106): web_concurrent_end started  	[MsgId: MMSG-26355]
Action.c(1078): Warning -26603: Unsupported "Content-Encoding"   [issued at Action.c(1106)]  	[MsgId: MWAR-26603]
Action.c(1070): Warning -26603: Unsupported "Content-Encoding"   [issued at Action.c(1106)]  	[MsgId: MWAR-26603]
Action.c(1106): web_concurrent_end highest severity level was "warning", 279457 body bytes, 717 header bytes  	[MsgId: MMSG-26388]
Action.c(1108): web_url("frame.html") started  	[MsgId: MMSG-26355]
Action.c(1108): Warning -26603: Unsupported "Content-Encoding"  	[MsgId: MWAR-26603]
Action.c(1108): web_url("frame.html") highest severity level was "warning", 22444 body bytes, 441 header bytes  	[MsgId: MMSG-26388]
Action.c(1117): web_url("flat_2") started  	[MsgId: MMSG-26355]
Action.c(1117): Warning -26603: Unsupported "Content-Encoding"  	[MsgId: MWAR-26603]
Action.c(1117): web_url("flat_2") highest severity level was "warning", 10196 body bytes, 1210 header bytes  	[MsgId: MMSG-26388]
Action.c(1126): web_concurrent_start started  	[MsgId: MMSG-26355]
Action.c(1126): web_concurrent_start was successful  	[MsgId: MMSG-26392]
Action.c(1128): web_url("vendors~react-devtools-backend.f9bb808e7.chunk.js") started  	[MsgId: MMSG-26355]
Action.c(1128): Registering web_url("vendors~react-devtools-backend.f9bb808e7.chunk.js") was successful  	[MsgId: MMSG-26390]
Action.c(1136): web_url("0.681043136.chunk.js_2") started  	[MsgId: MMSG-26355]
Action.c(1136): Resource "https://codesandbox.io/static/js/0.681043136.chunk.js" is in the cache already and will not be downloaded again  	[MsgId: MMSG-26655]
Action.c(1144): web_concurrent_end started  	[MsgId: MMSG-26355]
Action.c(1128): Warning -26603: Unsupported "Content-Encoding"   [issued at Action.c(1144)]  	[MsgId: MWAR-26603]
Action.c(1144): web_concurrent_end highest severity level was "warning", 87832 body bytes, 494 header bytes  	[MsgId: MMSG-26388]
Action.c(1148): web_add_cookie started  	[MsgId: MMSG-26355]
Action.c(1148): web_add_cookie was successful  	[MsgId: MMSG-26392]
Action.c(1150): web_add_cookie started  	[MsgId: MMSG-26355]
Action.c(1150): web_add_cookie was successful  	[MsgId: MMSG-26392]
Action.c(1152): web_add_cookie started  	[MsgId: MMSG-26355]
Action.c(1152): web_add_cookie was successful  	[MsgId: MMSG-26392]
Action.c(1154): web_add_cookie started  	[MsgId: MMSG-26355]
Action.c(1154): web_add_cookie was successful  	[MsgId: MMSG-26392]
Action.c(1158): web_custom_request("2") started  	[MsgId: MMSG-26355]
Action.c(1158): Warning -26603: Unsupported "Content-Encoding"  	[MsgId: MWAR-26603]
Action.c(1158): web_custom_request("2") highest severity level was "warning", 192 body bytes, 886 header bytes  	[MsgId: MMSG-26388]
Action.c(1168): web_concurrent_start started  	[MsgId: MMSG-26355]
Action.c(1168): web_concurrent_start was successful  	[MsgId: MMSG-26392]
Action.c(1170): web_url("1.390d5cd6d.chunk.js") started  	[MsgId: MMSG-26355]
Action.c(1170): Registering web_url("1.390d5cd6d.chunk.js") was successful  	[MsgId: MMSG-26390]
Action.c(1178): web_url("2.77529c16f.chunk.js") started  	[MsgId: MMSG-26355]
Action.c(1178): Registering web_url("2.77529c16f.chunk.js") was successful  	[MsgId: MMSG-26390]
Action.c(1186): web_url("7.14bd680f6.chunk.js") started  	[MsgId: MMSG-26355]
Action.c(1186): Registering web_url("7.14bd680f6.chunk.js") was successful  	[MsgId: MMSG-26390]
Action.c(1194): web_concurrent_end started  	[MsgId: MMSG-26355]
Action.c(1186): Warning -26603: Unsupported "Content-Encoding"   [issued at Action.c(1194)]  	[MsgId: MWAR-26603]
Action.c(1170): Warning -26603: Unsupported "Content-Encoding"   [issued at Action.c(1194)]  	[MsgId: MWAR-26603]
Action.c(1178): Warning -26603: Unsupported "Content-Encoding"   [issued at Action.c(1194)]  	[MsgId: MWAR-26603]
Action.c(1194): web_concurrent_end highest severity level was "warning", 168413 body bytes, 1480 header bytes  	[MsgId: MMSG-26388]
Action.c(1196): web_custom_request("cache") started  	[MsgId: MMSG-26355]
Action.c(1196): Error -26626: HTTP Status-Code=404 (Not Found) for "https://codesandbox.io/api/v1/sandboxes/j17lt/cache"  	[MsgId: MERR-26626]
Action.c(1196): web_custom_request("cache") highest severity level was "ERROR", 20 body bytes, 297 header bytes  	[MsgId: MMSG-26388]
Ending action Action.
Ending iteration 1.
Ending Vuser...
Starting action vuser_end.
Ending action vuser_end.
Vuser Terminated.
