Start auto log messages stack - Iteration 1.	[MsgId: MMSG-10545]
Action.c(48): web_add_cookie started  	[MsgId: MMSG-26355]
Action.c(48): web_add_cookie was successful  	[MsgId: MMSG-26392]
Action.c(50): web_add_cookie started  	[MsgId: MMSG-26355]
Action.c(50): web_add_cookie was successful  	[MsgId: MMSG-26392]
Action.c(52): web_add_cookie started  	[MsgId: MMSG-26355]
Action.c(52): web_add_cookie was successful  	[MsgId: MMSG-26392]
Action.c(59): web_set_sockets_option started  	[MsgId: MMSG-26355]
Action.c(59): web_set_sockets_option was successful  	[MsgId: MMSG-26392]
Action.c(61): lr_think_time: 13.00 seconds.	[MsgId: MMSG-15948]
Action.c(63): web_url("thinking-tester-contact-list.herokuapp.com") started  	[MsgId: MMSG-26355]
Action.c(63): Error -27794: Could not resolve address of host thinking-tester-contact-list.herokuapp.com  	[MsgId: MERR-27794]
End auto log messages stack.	[MsgId: MMSG-10544]


Start auto log messages stack - Iteration 1.	[MsgId: MMSG-10545]
Action.c(63): web_url("thinking-tester-contact-list.herokuapp.com") was successful, 15841 body bytes, 3235 header bytes  	[MsgId: MMSG-26386]
Action.c(72): web_set_sockets_option started  	[MsgId: MMSG-26355]
Action.c(72): web_set_sockets_option was successful  	[MsgId: MMSG-26392]
Action.c(74): web_add_cookie started  	[MsgId: MMSG-26355]
Action.c(74): web_add_cookie was successful  	[MsgId: MMSG-26392]
Action.c(79): web_reg_save_param started  	[MsgId: MMSG-26355]
Action.c(79): Registering web_reg_save_param was successful  	[MsgId: MMSG-26390]
Action.c(81): lr_think_time: 27.00 seconds.	[MsgId: MMSG-15948]
Action.c(83): web_custom_request("login") started  	[MsgId: MMSG-26355]
Action.c(83): Error -26546: Authentication required, please use "web_set_user", e.g. web_set_user("domain\\user", "password", "host:port");  	[MsgId: MERR-26546]
Action.c(83): Error -26629: HTTP Status-Code=401 (Unauthorized) for "https://thinking-tester-contact-list.herokuapp.com/users/login"  	[MsgId: MERR-26629]
Action.c(83): Error -26377: No match found for the requested parameter "vartoken". Either the specified boundaries were not found in the response or the matched text is longer than current max html parameter size of 256 bytes. The total length of the response is 0 bytes. You can use "web_set_max_html_param_len" to increase the max parameter size.  	[MsgId: MERR-26377]
Action.c(83): Error -26374: The above "not found" error(s) may be explained by header and body byte counts being 669 and 0, respectively.  	[MsgId: MERR-26374]
End auto log messages stack.	[MsgId: MMSG-10544]


