Virtual User Script started at: 19-02-2024 16:21:03
Starting action vuser_init.
Web Turbo Replay of LoadRunner 2023.0.0 for Windows 10; build 506 (Mar 08 2023 13:11:40)  	[MsgId: MMSG-26983]
Run mode: HTML  	[MsgId: MMSG-26993]
Replay user agent: Mozilla/5.0 (Windows NT 10.0; Win64; x64) AppleWebKit/537.36 (KHTML, like Gecko) Chrome/121.0.0.0 Safari/537.36  	[MsgId: MMSG-26988]
Runtime Settings file: "D:\SDET Training\LoadRunnerScripts\Practice\LoadRunnerPractice\\default.cfg"  	[MsgId: MMSG-27141]
Ending action vuser_init.
Running Vuser...
Starting iteration 1.
Maximum number of concurrent connections per server: 6  	[MsgId: MMSG-26989]
Starting action Action.
Action.c(4): web_set_sockets_option started  	[MsgId: MMSG-26355]
Action.c(4): web_set_sockets_option was successful  	[MsgId: MMSG-26392]
Action.c(6): web_url("loadrunnertips.com") started  	[MsgId: MMSG-26355]
Action.c(6): Found resource "http://loadrunnertips.com/JS/StyleSheet.css" in HTML "http://loadrunnertips.com/"  	[MsgId: MMSG-26659]
Action.c(6): Found resource "http://loadrunnertips.com/IMG/LR.gif" in HTML "http://loadrunnertips.com/"  	[MsgId: MMSG-26659]
Action.c(6): Found resource "http://pagead2.googlesyndication.com/pagead/js/adsbygoogle.js" in HTML "http://loadrunnertips.com/"  	[MsgId: MMSG-26659]
Action.c(6): Redirecting "http://pagead2.googlesyndication.com/pagead/js/adsbygoogle.js" (redirection depth is 0)  	[MsgId: MMSG-26694]
Action.c(6): To location "http://10.20.30.1:8090/ips/block/webcat?cat=1&pl=1&lu=0&url=aHR0cDovL3BhZ2VhZDIuZ29vZ2xlc3luZGljYXRpb24uY29tL3BhZ2VhZC9qcy9hZHNieWdvb2dsZS5qcw~~"  	[MsgId: MMSG-26693]
Action.c(6): Warning -26627: HTTP Status-Code=403 (Forbidden) for "http://10.20.30.1:8090/ips/block/webcat?cat=1&pl=1&lu=0&url=aHR0cDovL3BhZ2VhZDIuZ29vZ2xlc3luZGljYXRpb24uY29tL3BhZ2VhZC9qcy9hZHNieWdvb2dsZS5qcw~~"  	[MsgId: MWAR-26627]
Action.c(6): Found resource "http://pagead2.googlesyndication.com/pagead/js/adsbygoogle.js" in HTML "http://loadrunnertips.com/"  	[MsgId: MMSG-26659]
Action.c(6): Redirecting "http://pagead2.googlesyndication.com/pagead/js/adsbygoogle.js" (redirection depth is 0)  	[MsgId: MMSG-26694]
Action.c(6): To location "http://10.20.30.1:8090/ips/block/webcat?cat=1&pl=1&lu=0&url=aHR0cDovL3BhZ2VhZDIuZ29vZ2xlc3luZGljYXRpb24uY29tL3BhZ2VhZC9qcy9hZHNieWdvb2dsZS5qcw~~"  	[MsgId: MMSG-26693]
Action.c(6): Warning -26627: HTTP Status-Code=403 (Forbidden) for "http://10.20.30.1:8090/ips/block/webcat?cat=1&pl=1&lu=0&url=aHR0cDovL3BhZ2VhZDIuZ29vZ2xlc3luZGljYXRpb24uY29tL3BhZ2VhZC9qcy9hZHNieWdvb2dsZS5qcw~~"  	[MsgId: MWAR-26627]
Action.c(6): web_url("loadrunnertips.com") highest severity level was "warning", 162921 body bytes, 1750 header bytes  	[MsgId: MMSG-26388]
Action.c(21): web_url("LoadRunner_Correlation_Challenge_Mod.aspx") started  	[MsgId: MMSG-26355]
Action.c(21): Found resource "http://loadrunnertips.com/JS/JScript_CC.js" in HTML "http://loadrunnertips.com/LoadRunner_Correlation_Challenge_Mod.aspx"  	[MsgId: MMSG-26659]
Action.c(21): Resource "http://loadrunnertips.com/JS/StyleSheet.css" is in the cache already and will not be downloaded again  	[MsgId: MMSG-26655]
Action.c(21): Resource "http://loadrunnertips.com/IMG/LR.gif" is in the cache already and will not be downloaded again  	[MsgId: MMSG-26655]
Action.c(21): Found resource "http://pagead2.googlesyndication.com/pagead/js/adsbygoogle.js" in HTML "http://loadrunnertips.com/LoadRunner_Correlation_Challenge_Mod.aspx"  	[MsgId: MMSG-26659]
Action.c(21): Redirecting "http://pagead2.googlesyndication.com/pagead/js/adsbygoogle.js" (redirection depth is 0)  	[MsgId: MMSG-26694]
Action.c(21): To location "http://10.20.30.1:8090/ips/block/webcat?cat=1&pl=1&lu=0&url=aHR0cDovL3BhZ2VhZDIuZ29vZ2xlc3luZGljYXRpb24uY29tL3BhZ2VhZC9qcy9hZHNieWdvb2dsZS5qcw~~"  	[MsgId: MMSG-26693]
Action.c(21): Warning -26627: HTTP Status-Code=403 (Forbidden) for "http://10.20.30.1:8090/ips/block/webcat?cat=1&pl=1&lu=0&url=aHR0cDovL3BhZ2VhZDIuZ29vZ2xlc3luZGljYXRpb24uY29tL3BhZ2VhZC9qcy9hZHNieWdvb2dsZS5qcw~~"  	[MsgId: MWAR-26627]
Action.c(21): web_url("LoadRunner_Correlation_Challenge_Mod.aspx") highest severity level was "warning", 83850 body bytes, 1034 header bytes  	[MsgId: MMSG-26388]
Action.c(30): web_add_cookie started  	[MsgId: MMSG-26355]
Action.c(30): web_add_cookie was successful  	[MsgId: MMSG-26392]
Action.c(32): web_add_cookie started  	[MsgId: MMSG-26355]
Action.c(32): web_add_cookie was successful  	[MsgId: MMSG-26392]
Action.c(34): web_add_cookie started  	[MsgId: MMSG-26355]
Action.c(34): web_add_cookie was successful  	[MsgId: MMSG-26392]
Action.c(40): web_submit_form("LoadRunner_Correlation_Challenge_Mod.aspx_2") started  	[MsgId: MMSG-26355]
Action.c(40): Submitting form to "http://loadrunnertips.com/LoadRunner_Correlation_Challenge_Mod.aspx", Target Frame=""  	[MsgId: MMSG-27978]
Action.c(40): Resource "http://loadrunnertips.com/JS/JScript_CC.js" is in the cache already and will not be downloaded again  	[MsgId: MMSG-26655]
Action.c(40): Resource "http://loadrunnertips.com/JS/StyleSheet.css" is in the cache already and will not be downloaded again  	[MsgId: MMSG-26655]
Action.c(40): Resource "http://loadrunnertips.com/IMG/LR.gif" is in the cache already and will not be downloaded again  	[MsgId: MMSG-26655]
Action.c(40): Found resource "http://pagead2.googlesyndication.com/pagead/js/adsbygoogle.js" in HTML "http://loadrunnertips.com/LoadRunner_Correlation_Challenge_Mod.aspx"  	[MsgId: MMSG-26659]
Action.c(40): Redirecting "http://pagead2.googlesyndication.com/pagead/js/adsbygoogle.js" (redirection depth is 0)  	[MsgId: MMSG-26694]
Action.c(40): To location "http://10.20.30.1:8090/ips/block/webcat?cat=1&pl=1&lu=0&url=aHR0cDovL3BhZ2VhZDIuZ29vZ2xlc3luZGljYXRpb24uY29tL3BhZ2VhZC9qcy9hZHNieWdvb2dsZS5qcw~~"  	[MsgId: MMSG-26693]
Action.c(40): Warning -26627: HTTP Status-Code=403 (Forbidden) for "http://10.20.30.1:8090/ips/block/webcat?cat=1&pl=1&lu=0&url=aHR0cDovL3BhZ2VhZDIuZ29vZ2xlc3luZGljYXRpb24uY29tL3BhZ2VhZC9qcy9hZHNieWdvb2dsZS5qcw~~"  	[MsgId: MWAR-26627]
Action.c(40): web_submit_form("LoadRunner_Correlation_Challenge_Mod.aspx_2") highest severity level was "warning", 80837 body bytes, 754 header bytes  	[MsgId: MMSG-26388]
Action.c(50): web_submit_form("LoadRunner_Correlation_Challenge_Mod.aspx_3") started  	[MsgId: MMSG-26355]
Action.c(50): Submitting form to "http://loadrunnertips.com/LoadRunner_Correlation_Challenge_Mod.aspx", Target Frame=""  	[MsgId: MMSG-27978]
Action.c(50): Resource "http://loadrunnertips.com/JS/JScript_CC.js" is in the cache already and will not be downloaded again  	[MsgId: MMSG-26655]
Action.c(50): Resource "http://loadrunnertips.com/JS/StyleSheet.css" is in the cache already and will not be downloaded again  	[MsgId: MMSG-26655]
Action.c(50): Resource "http://loadrunnertips.com/IMG/LR.gif" is in the cache already and will not be downloaded again  	[MsgId: MMSG-26655]
Action.c(50): Found resource "http://pagead2.googlesyndication.com/pagead/js/adsbygoogle.js" in HTML "http://loadrunnertips.com/LoadRunner_Correlation_Challenge_Mod.aspx"  	[MsgId: MMSG-26659]
Action.c(50): Redirecting "http://pagead2.googlesyndication.com/pagead/js/adsbygoogle.js" (redirection depth is 0)  	[MsgId: MMSG-26694]
Action.c(50): To location "http://10.20.30.1:8090/ips/block/webcat?cat=1&pl=1&lu=0&url=aHR0cDovL3BhZ2VhZDIuZ29vZ2xlc3luZGljYXRpb24uY29tL3BhZ2VhZC9qcy9hZHNieWdvb2dsZS5qcw~~"  	[MsgId: MMSG-26693]
Action.c(50): Warning -26627: HTTP Status-Code=403 (Forbidden) for "http://10.20.30.1:8090/ips/block/webcat?cat=1&pl=1&lu=0&url=aHR0cDovL3BhZ2VhZDIuZ29vZ2xlc3luZGljYXRpb24uY29tL3BhZ2VhZC9qcy9hZHNieWdvb2dsZS5qcw~~"  	[MsgId: MWAR-26627]
Action.c(50): web_submit_form("LoadRunner_Correlation_Challenge_Mod.aspx_3") highest severity level was "warning", 80276 body bytes, 666 header bytes  	[MsgId: MMSG-26388]
Action.c(61): web_custom_request("json") started  	[MsgId: MMSG-26355]
Action.c(61): web_custom_request("json") was successful, 904 body bytes, 1148 header bytes  	[MsgId: MMSG-26386]
Action.c(92): web_url("LoadRunner_Correlation_Challenge_Mod.aspx_4") started  	[MsgId: MMSG-26355]
Action.c(92): Redirecting "http://loadrunnertips.com/LoadRunner_Correlation_Challenge_Mod.aspx?dd=1&game=Football" (redirection depth is 0)  	[MsgId: MMSG-26694]
Action.c(92): To location "http://loadrunnertips.com/LoadRunner_Correlation_Challenge_Mod.aspx"  	[MsgId: MMSG-26693]
Action.c(92): Resource "http://loadrunnertips.com/JS/JScript_CC.js" is in the cache already and will not be downloaded again  	[MsgId: MMSG-26655]
Action.c(92): Resource "http://loadrunnertips.com/JS/StyleSheet.css" is in the cache already and will not be downloaded again  	[MsgId: MMSG-26655]
Action.c(92): Resource "http://loadrunnertips.com/IMG/LR.gif" is in the cache already and will not be downloaded again  	[MsgId: MMSG-26655]
Action.c(92): Found resource "http://pagead2.googlesyndication.com/pagead/js/adsbygoogle.js" in HTML "http://loadrunnertips.com/LoadRunner_Correlation_Challenge_Mod.aspx"  	[MsgId: MMSG-26659]
Action.c(92): Redirecting "http://pagead2.googlesyndication.com/pagead/js/adsbygoogle.js" (redirection depth is 0)  	[MsgId: MMSG-26694]
Action.c(92): To location "http://10.20.30.1:8090/ips/block/webcat?cat=1&pl=1&lu=0&url=aHR0cDovL3BhZ2VhZDIuZ29vZ2xlc3luZGljYXRpb24uY29tL3BhZ2VhZC9qcy9hZHNieWdvb2dsZS5qcw~~"  	[MsgId: MMSG-26693]
Action.c(92): Warning -26627: HTTP Status-Code=403 (Forbidden) for "http://10.20.30.1:8090/ips/block/webcat?cat=1&pl=1&lu=0&url=aHR0cDovL3BhZ2VhZDIuZ29vZ2xlc3luZGljYXRpb24uY29tL3BhZ2VhZC9qcy9hZHNieWdvb2dsZS5qcw~~"  	[MsgId: MWAR-26627]
Action.c(92): web_url("LoadRunner_Correlation_Challenge_Mod.aspx_4") highest severity level was "warning", 82845 body bytes, 974 header bytes  	[MsgId: MMSG-26388]
Ending action Action.
Ending iteration 1.
Ending Vuser...
Starting action vuser_end.
Ending action vuser_end.
Vuser Terminated.
