Virtual User Script started at: 07-02-2024 15:00:14
Starting action vuser_init.
Web Turbo Replay of LoadRunner 2023.0.0 for Windows 10; build 506 (Mar 08 2023 13:11:40)  	[MsgId: MMSG-26983]
Run mode: HTML  	[MsgId: MMSG-26993]
Replay user agent: Mozilla/5.0 (Windows NT 10.0; Win64; x64) AppleWebKit/537.36 (KHTML, like Gecko) Chrome/121.0.0.0 Safari/537.36  	[MsgId: MMSG-26988]
Runtime Settings file: "D:\SDET Training\LoadRunnerScripts\GoogleSolution\GoogleScript\\default.cfg"  	[MsgId: MMSG-27141]
Ending action vuser_init.
Running Vuser...
Starting iteration 1.
Maximum number of concurrent connections per server: 6  	[MsgId: MMSG-26989]
Starting action Action.
Action.c(4): web_set_sockets_option started  	[MsgId: MMSG-26355]
Action.c(4): web_set_sockets_option was successful  	[MsgId: MMSG-26392]
Action.c(6): web_url("seed") started  	[MsgId: MMSG-26355]
Action.c(6): HTML parsing not performed for Content-Type "application/octet-stream" ("ParseHtmlContentType" Runtime Setting is "TEXT"). URL="https://clientservices.googleapis.com/chrome-variations/seed?osname=win&channel=stable&milestone=121"  	[MsgId: MMSG-26547]
Action.c(6): Downloading resource "https://www.gstatic.com/og/_/ss/k=og.qtm.8RUPaHb7e5o.L.W.O/m=qcwid/excm=qaaw,qadd,qaid,qein,qhaw,qhba,qhbr,qhch,qhga,qhid,qhin/d=1/ed=1/ct=zgms/rs=AA2YrTungzasoekTaLKrPFUaQFpakqDmnA" (specified by argument number 8)  	[MsgId: MMSG-26576]
Action.c(6): Downloading resource "https://www.gstatic.com/og/_/js/k=og.qtm.en_US.ZEEp2pdSHOQ.2019.O/rt=j/m=qabr,q_d,qcwid,qapid,qald,q_dg/exm=qaaw,qadd,qaid,qein,qhaw,qhba,qhbr,qhch,qhga,qhid,qhin/d=1/ed=1/rs=AA2YrTvRRKYp7I5vTn-AtFvme6Qlo6hq9Q" (specified by argument number 11)  	[MsgId: MMSG-26576]
Action.c(6): Downloading resource "https://content-autofill.googleapis.com/v1/pages/ChVDaHJvbWUvMTIxLjAuNjE2Ny4xNDASGQn11VQ7sgCk8RIFDWlIR0chrbMLunyG1js=?alt=proto" (specified by argument number 14)  	[MsgId: MMSG-26576]
Action.c(6): Warning -26630: HTTP Status-Code=400 (Bad Request) for "https://content-autofill.googleapis.com/v1/pages/ChVDaHJvbWUvMTIxLjAuNjE2Ny4xNDASGQn11VQ7sgCk8RIFDWlIR0chrbMLunyG1js=?alt=proto"  	[MsgId: MWAR-26630]
Action.c(6): web_url("seed") highest severity level was "warning", 447538 body bytes, 2453 header bytes  	[MsgId: MMSG-26388]
Action.c(18): web_add_cookie started  	[MsgId: MMSG-26355]
Action.c(18): web_add_cookie was successful  	[MsgId: MMSG-26392]
Action.c(20): web_add_cookie started  	[MsgId: MMSG-26355]
Action.c(20): web_add_cookie was successful  	[MsgId: MMSG-26392]
Action.c(22): web_add_cookie started  	[MsgId: MMSG-26355]
Action.c(22): web_add_cookie was successful  	[MsgId: MMSG-26392]
Action.c(24): web_add_cookie started  	[MsgId: MMSG-26355]
Action.c(24): web_add_cookie was successful  	[MsgId: MMSG-26392]
Action.c(26): web_add_cookie started  	[MsgId: MMSG-26355]
Action.c(26): web_add_cookie was successful  	[MsgId: MMSG-26392]
Action.c(28): web_add_cookie started  	[MsgId: MMSG-26355]
Action.c(28): web_add_cookie was successful  	[MsgId: MMSG-26392]
Action.c(30): web_url("callout") started  	[MsgId: MMSG-26355]
Action.c(30): Downloading resource "https://apis.google.com/_/scs/abc-static/_/js/k=gapi.gapi.en.GsbA68hXs80.O/m=gapi_iframes,googleapis_client/rt=j/sv=1/d=1/ed=1/rs=AHpOoo899t-H8Lxb3OqzMDuPn6TV_i36ag/cb=gapi.loaded_0" (specified by argument number 9)  	[MsgId: MMSG-26576]
Action.c(30): Found resource "https://www.gstatic.com/_/mss/boq-one-google/_/js/k=boq-one-google.OneGoogleWidgetUi.en.dc9wYWSHEZY.es5.O/am=BAzNBg/d=1/excm=_b,_tp,calloutview/ed=1/dg=0/wt=2/ujg=1/rs=AM-SdHvuGXuC8HtGhlaCUagmQB3GcQaBHA/m=_b,_tp" in HTML "https://ogs.google.com/widget/callout?prid=19037050&pgid=19037049&puid=a5627eb5c02923db&cce=1&dc=1&origin=https%3A%2F%2Fwww.google.com&cn=callout&pid=1&spid=538&hl=en"  	[MsgId: MMSG-26659]
Action.c(30): Found resource "https://www.google.com/images/hpp/ic_wahlberg_product_core_48.png8.png" in HTML "https://ogs.google.com/widget/callout?prid=19037050&pgid=19037049&puid=a5627eb5c02923db&cce=1&dc=1&origin=https%3A%2F%2Fwww.google.com&cn=callout&pid=1&spid=538&hl=en"  	[MsgId: MMSG-26659]
Action.c(30): web_url("callout") was successful, 121529 body bytes, 4617 header bytes  	[MsgId: MMSG-26386]
Action.c(41): web_add_cookie started  	[MsgId: MMSG-26355]
Action.c(41): web_add_cookie was successful  	[MsgId: MMSG-26392]
Action.c(43): web_add_cookie started  	[MsgId: MMSG-26355]
Action.c(43): web_add_cookie was successful  	[MsgId: MMSG-26392]
Action.c(45): web_add_cookie started  	[MsgId: MMSG-26355]
Action.c(45): web_add_cookie was successful  	[MsgId: MMSG-26392]
Action.c(47): web_custom_request("log") started  	[MsgId: MMSG-26355]
Action.c(47): Downloading resource "https://fonts.gstatic.com/s/roboto/v18/KFOmCnqEu92Fr1Mu4mxK.woff2" (specified by argument number 12)  	[MsgId: MMSG-26576]
Action.c(47): Downloading resource "https://fonts.gstatic.com/s/googlesans/v58/4Ua_rENHsxJlGDuGo1OIlJfC6l_24rlCK1Yo_Iqcsih3SAyH6cAwhX9RFD48TE63OOYKtrw2IJllpyk.woff2" (specified by argument number 15)  	[MsgId: MMSG-26576]
Action.c(47): web_custom_request("log") was successful, 37783 body bytes, 2559 header bytes  	[MsgId: MMSG-26386]
Action.c(67): web_custom_request("json") started  	[MsgId: MMSG-26355]
Action.c(67): Downloading resource "https://encrypted-tbn0.gstatic.com/images?q=tbn:ANd9GcT375qtPUYZr0WqxFfh87bLvb-B0jFIiul_rGBFJyMb2eP8yx_JZy5Z_6c&s=10" (specified by argument number 12)  	[MsgId: MMSG-26576]
Action.c(67): Downloading resource "https://encrypted-tbn0.gstatic.com/images?q=tbn:ANd9GcT5bCs10a0XxK1ikEHN655AT_iHkXWJhAsmMUB_IEk&s=10" (specified by argument number 15)  	[MsgId: MMSG-26576]
Action.c(67): Downloading resource "https://encrypted-tbn0.gstatic.com/images?q=tbn:ANd9GcRfwK31jSJoDS3wX4ZH2v5k49PLfabZSu90SO1eas4kL7IzpqiVbtXHE2Q&s=10" (specified by argument number 18)  	[MsgId: MMSG-26576]
Action.c(67): Downloading resource "https://encrypted-tbn0.gstatic.com/images?q=tbn:ANd9GcSt4Zvuqg17L8xiVfbOLSa2Ljl60znIOJHhMXuDqX70yrRBHrTowpAOX2w&s=10" (specified by argument number 21)  	[MsgId: MMSG-26576]
Action.c(67): Downloading resource "https://lh5.googleusercontent.com/p/AF1QipORjSliv1rRditQBc53zc97FH9h9Gm-56kJvMQH=w92-h92-n-k-no" (specified by argument number 24)  	[MsgId: MMSG-26576]
Action.c(67): web_custom_request("json") was successful, 17974 body bytes, 4917 header bytes  	[MsgId: MMSG-26386]
Action.c(106): web_custom_request("json_2") started  	[MsgId: MMSG-26355]
Action.c(106): web_custom_request("json_2") was successful, 172 body bytes, 703 header bytes  	[MsgId: MMSG-26386]
Ending action Action.
Ending iteration 1.
Ending Vuser...
Starting action vuser_end.
Ending action vuser_end.
Vuser Terminated.
