Virtual User Script started at: 09-02-2024 14:32:58
Starting action vuser_init.
Web Turbo Replay of LoadRunner 2023.0.0 for Windows 10; build 506 (Mar 08 2023 13:11:40)  	[MsgId: MMSG-26983]
Run mode: HTML  	[MsgId: MMSG-26993]
Replay user agent: Mozilla/5.0 (Windows NT 10.0; Win64; x64) AppleWebKit/537.36 (KHTML, like Gecko) Chrome/121.0.0.0 Safari/537.36  	[MsgId: MMSG-26988]
Runtime Settings file: "D:\SDET Training\LoadRunnerScripts\UIText_Check\\default.cfg"  	[MsgId: MMSG-27141]
vuser_init.c(12): web_set_sockets_option started  	[MsgId: MMSG-26355]
vuser_init.c(12): web_set_sockets_option was successful  	[MsgId: MMSG-26392]
vuser_init.c(14): web_reg_find started  	[MsgId: MMSG-26355]
vuser_init.c(14): Registering web_reg_find was successful  	[MsgId: MMSG-26390]
vuser_init.c(17): web_url("uitestingplayground.com") started  	[MsgId: MMSG-26355]
vuser_init.c(17): Found resource "https://maxcdn.bootstrapcdn.com/bootstrap/4.0.0/css/bootstrap.min.css" in HTML "http://uitestingplayground.com/"  	[MsgId: MMSG-26659]
vuser_init.c(17): Found resource "https://cdnjs.cloudflare.com/ajax/libs/font-awesome/4.7.0/css/font-awesome.min.css" in HTML "http://uitestingplayground.com/"  	[MsgId: MMSG-26659]
vuser_init.c(17): Found resource "http://uitestingplayground.com/static/prism.css" in HTML "http://uitestingplayground.com/"  	[MsgId: MMSG-26659]
vuser_init.c(17): Found resource "http://uitestingplayground.com/static/style.css" in HTML "http://uitestingplayground.com/"  	[MsgId: MMSG-26659]
vuser_init.c(17): Found resource "http://uitestingplayground.com/static/cube.png" in HTML "http://uitestingplayground.com/"  	[MsgId: MMSG-26659]
vuser_init.c(17): Found resource "https://buttons.github.io/buttons.js" in HTML "http://uitestingplayground.com/"  	[MsgId: MMSG-26659]
vuser_init.c(17): Found resource "http://uitestingplayground.com/static/prism.js" in HTML "http://uitestingplayground.com/"  	[MsgId: MMSG-26659]
vuser_init.c(17): Found resource "https://code.jquery.com/jquery-3.2.1.min.js" in HTML "http://uitestingplayground.com/"  	[MsgId: MMSG-26659]
vuser_init.c(17): Found resource "https://cdnjs.cloudflare.com/ajax/libs/popper.js/1.12.9/umd/popper.min.js" in HTML "http://uitestingplayground.com/"  	[MsgId: MMSG-26659]
vuser_init.c(17): Found resource "https://maxcdn.bootstrapcdn.com/bootstrap/4.0.0/js/bootstrap.min.js" in HTML "http://uitestingplayground.com/"  	[MsgId: MMSG-26659]
vuser_init.c(17): Registered web_reg_find successful for "Text=UI Test Automation Playground" (count=1)  	[MsgId: MMSG-26364]
vuser_init.c(17): web_url("uitestingplayground.com") was successful, 273135 body bytes, 7036 header bytes  	[MsgId: MMSG-26386]
vuser_init.c(26): web_image_check started  	[MsgId: MMSG-26355]
vuser_init.c(26): "cube image check" succeeded (1 occurrence(s) found. Alt="", Src="/static/cube.png")  	[MsgId: MMSG-27192]
vuser_init.c(26): web_image_check was successful  	[MsgId: MMSG-26392]
vuser_init.c(28): web_url("seed") started  	[MsgId: MMSG-26355]
vuser_init.c(28): HTML parsing not performed for Content-Type "application/octet-stream" ("ParseHtmlContentType" Runtime Setting is "TEXT"). URL="https://clientservices.googleapis.com/chrome-variations/seed?osname=win&channel=stable&milestone=121"  	[MsgId: MMSG-26547]
vuser_init.c(28): web_url("seed") was successful, 371712 body bytes, 377 header bytes  	[MsgId: MMSG-26386]
vuser_init.c(36): web_url("fork.png") started  	[MsgId: MMSG-26355]
vuser_init.c(36): web_url("fork.png") was successful, 324 body bytes, 305 header bytes  	[MsgId: MMSG-26386]
Ending action vuser_init.
Running Vuser...
Starting iteration 1.
Warning -27077: The "vuser_init" section contains web function(s) when the "Simulate a new user on each iteration" Runtime Setting is ON.  This may produce unpredictable results with multiple iterations  	[MsgId: MWAR-27077]
Maximum number of concurrent connections per server: 6  	[MsgId: MMSG-26989]
Starting action Action.
Action.c(6): web_reg_find started  	[MsgId: MMSG-26355]
Action.c(6): Registering web_reg_find was successful  	[MsgId: MMSG-26390]
Action.c(11): web_url("dynamicid") started  	[MsgId: MMSG-26355]
Action.c(11): Resource "https://maxcdn.bootstrapcdn.com/bootstrap/4.0.0/css/bootstrap.min.css" is in the cache already and will not be downloaded again  	[MsgId: MMSG-26655]
Action.c(11): Resource "https://cdnjs.cloudflare.com/ajax/libs/font-awesome/4.7.0/css/font-awesome.min.css" is in the cache already and will not be downloaded again  	[MsgId: MMSG-26655]
Action.c(11): Found resource "http://uitestingplayground.com/static/prism.css" in HTML "http://uitestingplayground.com/dynamicid"  	[MsgId: MMSG-26659]
Action.c(11): Found resource "http://uitestingplayground.com/static/style.css" in HTML "http://uitestingplayground.com/dynamicid"  	[MsgId: MMSG-26659]
Action.c(11): Resource "https://buttons.github.io/buttons.js" is in the cache already and will not be downloaded again  	[MsgId: MMSG-26655]
Action.c(11): Found resource "http://uitestingplayground.com/static/prism.js" in HTML "http://uitestingplayground.com/dynamicid"  	[MsgId: MMSG-26659]
Action.c(11): Resource "https://code.jquery.com/jquery-3.2.1.min.js" is in the cache already and will not be downloaded again  	[MsgId: MMSG-26655]
Action.c(11): Resource "https://cdnjs.cloudflare.com/ajax/libs/popper.js/1.12.9/umd/popper.min.js" is in the cache already and will not be downloaded again  	[MsgId: MMSG-26655]
Action.c(11): Resource "https://maxcdn.bootstrapcdn.com/bootstrap/4.0.0/js/bootstrap.min.js" is in the cache already and will not be downloaded again  	[MsgId: MMSG-26655]
Action.c(11): Registered web_reg_find successful for "Text=Dynamic ID" (count=3)  	[MsgId: MMSG-26364]
Action.c(11): web_url("dynamicid") was successful, 1861 body bytes, 1090 header bytes  	[MsgId: MMSG-26386]
Ending action Action.
Ending iteration 1.
Ending Vuser...
Starting action vuser_end.
vuser_end.c(6): web_custom_request("json") started  	[MsgId: MMSG-26355]
vuser_end.c(6): web_custom_request("json") was successful, 1373 body bytes, 1148 header bytes  	[MsgId: MMSG-26386]
Ending action vuser_end.
Vuser Terminated.
